build/app/intermediates/manifest_merge_blame_file/debug/manifest-merger-blame-debug-report.txt
1<?xml version="1.0" encoding="utf-8"?>
2<manifest xmlns:android="http://schemas.android.com/apk/res/android"
3    package="com.example.sence"
4    android:versionCode="1"
5    android:versionName="1.0.0" >
6
7    <uses-sdk
8        android:minSdkVersion="19"
9        android:targetSdkVersion="31" />
10    <!--
11         The INTERNET permission is required for development. Specifically,
12         the Flutter tool needs it to communicate with the running application
13         to allow setting breakpoints, to provide hot reload, etc.
14    -->
15    <uses-permission android:name="android.permission.INTERNET" />
15-->src\debug\AndroidManifest.xml:7:5-66
15-->src\debug\AndroidManifest.xml:7:22-64
16    <uses-permission android:name="android.permission.ACCESS_NETWORK_STATE" />
16-->[com.google.android.gms:play-services-ads-lite:21.0.0] AndroidManifest.xml:24:5-79
16-->[com.google.android.gms:play-services-ads-lite:21.0.0] AndroidManifest.xml:24:22-76
17    <uses-permission android:name="com.google.android.gms.permission.AD_ID" /> <!-- Android package visibility setting -->
17-->[com.google.android.gms:play-services-ads-lite:21.0.0] AndroidManifest.xml:25:5-79
17-->[com.google.android.gms:play-services-ads-lite:21.0.0] AndroidManifest.xml:25:22-76
18    <queries>
18-->[com.google.android.gms:play-services-ads-lite:21.0.0] AndroidManifest.xml:28:5-44:15
19
20        <!-- For browser content -->
21        <intent>
21-->[com.google.android.gms:play-services-ads-lite:21.0.0] AndroidManifest.xml:31:9-37:18
22            <action android:name="android.intent.action.VIEW" />
22-->[com.google.android.gms:play-services-ads-lite:21.0.0] AndroidManifest.xml:32:13-65
22-->[com.google.android.gms:play-services-ads-lite:21.0.0] AndroidManifest.xml:32:21-62
23
24            <category android:name="android.intent.category.BROWSABLE" />
24-->[com.google.android.gms:play-services-ads-lite:21.0.0] AndroidManifest.xml:34:13-74
24-->[com.google.android.gms:play-services-ads-lite:21.0.0] AndroidManifest.xml:34:23-71
25
26            <data android:scheme="https" />
26-->[com.google.android.gms:play-services-ads-lite:21.0.0] AndroidManifest.xml:36:13-44
26-->[com.google.android.gms:play-services-ads-lite:21.0.0] AndroidManifest.xml:36:19-41
27        </intent>
28        <!-- End of browser content -->
29        <!-- For CustomTabsService -->
30        <intent>
30-->[com.google.android.gms:play-services-ads-lite:21.0.0] AndroidManifest.xml:40:9-42:18
31            <action android:name="android.support.customtabs.action.CustomTabsService" />
31-->[com.google.android.gms:play-services-ads-lite:21.0.0] AndroidManifest.xml:41:13-90
31-->[com.google.android.gms:play-services-ads-lite:21.0.0] AndroidManifest.xml:41:21-87
32        </intent>
33        <!-- End of CustomTabsService -->
34    </queries>
35
36    <uses-permission android:name="android.permission.WAKE_LOCK" />
36-->[com.google.android.gms:play-services-measurement-sdk-api:20.1.2] AndroidManifest.xml:25:5-68
36-->[com.google.android.gms:play-services-measurement-sdk-api:20.1.2] AndroidManifest.xml:25:22-65
37    <uses-permission android:name="android.permission.RECEIVE_BOOT_COMPLETED" />
37-->[androidx.work:work-runtime:2.7.0] AndroidManifest.xml:27:5-81
37-->[androidx.work:work-runtime:2.7.0] AndroidManifest.xml:27:22-78
38    <uses-permission android:name="android.permission.FOREGROUND_SERVICE" />
38-->[androidx.work:work-runtime:2.7.0] AndroidManifest.xml:28:5-77
38-->[androidx.work:work-runtime:2.7.0] AndroidManifest.xml:28:22-74
39
40    <application
41        android:name="android.app.Application"
42        android:appComponentFactory="androidx.core.app.CoreComponentFactory"
42-->[androidx.core:core:1.6.0] AndroidManifest.xml:24:18-86
43        android:debuggable="true"
44        android:icon="@mipmap/ic_launcher"
45        android:label="sence" >
46        <activity
47            android:name="com.example.sence.MainActivity"
48            android:configChanges="orientation|keyboardHidden|keyboard|screenSize|smallestScreenSize|locale|layoutDirection|fontScale|screenLayout|density|uiMode"
49            android:exported="true"
50            android:hardwareAccelerated="true"
51            android:launchMode="singleTop"
52            android:theme="@style/LaunchTheme"
53            android:windowSoftInputMode="adjustResize" >
54
55            <!--
56                 Specifies an Android theme to apply to this Activity as soon as
57                 the Android process has started. This theme is visible to the user
58                 while the Flutter UI initializes. After that, this theme continues
59                 to determine the Window background behind the Flutter UI.
60            -->
61            <meta-data
62                android:name="io.flutter.embedding.android.NormalTheme"
63                android:resource="@style/NormalTheme" />
64            <meta-data
65                android:name="io.flutter.embedding.android.SplashScreenDrawable"
66                android:resource="@drawable/background" />
67
68            <intent-filter>
69                <action android:name="android.intent.action.MAIN" />
70
71                <category android:name="android.intent.category.LAUNCHER" />
72            </intent-filter>
73        </activity>
74        <!--
75             Don't delete the meta-data below.
76             This is used by the Flutter tool to generate GeneratedPluginRegistrant.java
77        -->
78        <meta-data
79            android:name="flutterEmbedding"
80            android:value="2" />
81        <meta-data
82            android:name="com.google.android.gms.ads.APPLICATION_ID"
83            android:value="ca-app-pub-3940256099942544~3419835294" />
84        <meta-data
84-->[:google_mobile_ads] AndroidManifest.xml:12:9-14:36
85            android:name="io.flutter.embedded_views_preview"
85-->[:google_mobile_ads] AndroidManifest.xml:13:13-61
86            android:value="true" />
86-->[:google_mobile_ads] AndroidManifest.xml:14:13-33
87
88        <uses-library
88-->[androidx.window:window:1.0.0-beta04] AndroidManifest.xml:25:9-27:40
89            android:name="androidx.window.extensions"
89-->[androidx.window:window:1.0.0-beta04] AndroidManifest.xml:26:13-54
90            android:required="false" />
90-->[androidx.window:window:1.0.0-beta04] AndroidManifest.xml:27:13-37
91        <uses-library
91-->[androidx.window:window:1.0.0-beta04] AndroidManifest.xml:28:9-30:40
92            android:name="androidx.window.sidecar"
92-->[androidx.window:window:1.0.0-beta04] AndroidManifest.xml:29:13-51
93            android:required="false" />
93-->[androidx.window:window:1.0.0-beta04] AndroidManifest.xml:30:13-37
94
95        <provider
95-->[androidx.lifecycle:lifecycle-process:2.2.0] AndroidManifest.xml:25:9-29:43
96            android:name="androidx.lifecycle.ProcessLifecycleOwnerInitializer"
96-->[androidx.lifecycle:lifecycle-process:2.2.0] AndroidManifest.xml:26:13-79
97            android:authorities="com.example.sence.lifecycle-process"
97-->[androidx.lifecycle:lifecycle-process:2.2.0] AndroidManifest.xml:27:13-69
98            android:exported="false"
98-->[androidx.lifecycle:lifecycle-process:2.2.0] AndroidManifest.xml:28:13-37
99            android:multiprocess="true" /> <!-- Include the AdActivity and InAppPurchaseActivity configChanges and themes. -->
99-->[androidx.lifecycle:lifecycle-process:2.2.0] AndroidManifest.xml:29:13-40
100        <activity
100-->[com.google.android.gms:play-services-ads-lite:21.0.0] AndroidManifest.xml:49:9-53:64
101            android:name="com.google.android.gms.ads.AdActivity"
101-->[com.google.android.gms:play-services-ads-lite:21.0.0] AndroidManifest.xml:50:13-65
102            android:configChanges="keyboard|keyboardHidden|orientation|screenLayout|uiMode|screenSize|smallestScreenSize"
102-->[com.google.android.gms:play-services-ads-lite:21.0.0] AndroidManifest.xml:51:13-122
103            android:exported="false"
103-->[com.google.android.gms:play-services-ads-lite:21.0.0] AndroidManifest.xml:52:13-37
104            android:theme="@android:style/Theme.Translucent" />
104-->[com.google.android.gms:play-services-ads-lite:21.0.0] AndroidManifest.xml:53:13-61
105
106        <provider
106-->[com.google.android.gms:play-services-ads-lite:21.0.0] AndroidManifest.xml:55:9-59:39
107            android:name="com.google.android.gms.ads.MobileAdsInitProvider"
107-->[com.google.android.gms:play-services-ads-lite:21.0.0] AndroidManifest.xml:56:13-76
108            android:authorities="com.example.sence.mobileadsinitprovider"
108-->[com.google.android.gms:play-services-ads-lite:21.0.0] AndroidManifest.xml:57:13-73
109            android:exported="false"
109-->[com.google.android.gms:play-services-ads-lite:21.0.0] AndroidManifest.xml:58:13-37
110            android:initOrder="100" />
110-->[com.google.android.gms:play-services-ads-lite:21.0.0] AndroidManifest.xml:59:13-36
111
112        <service
112-->[com.google.android.gms:play-services-ads-lite:21.0.0] AndroidManifest.xml:61:9-64:40
113            android:name="com.google.android.gms.ads.AdService"
113-->[com.google.android.gms:play-services-ads-lite:21.0.0] AndroidManifest.xml:62:13-64
114            android:enabled="true"
114-->[com.google.android.gms:play-services-ads-lite:21.0.0] AndroidManifest.xml:63:13-35
115            android:exported="false" />
115-->[com.google.android.gms:play-services-ads-lite:21.0.0] AndroidManifest.xml:64:13-37
116
117        <activity
117-->[com.google.android.gms:play-services-base:18.0.0] AndroidManifest.xml:20:9-22:45
118            android:name="com.google.android.gms.common.api.GoogleApiActivity"
118-->[com.google.android.gms:play-services-base:18.0.0] AndroidManifest.xml:20:19-85
119            android:exported="false"
119-->[com.google.android.gms:play-services-base:18.0.0] AndroidManifest.xml:22:19-43
120            android:theme="@android:style/Theme.Translucent.NoTitleBar" />
120-->[com.google.android.gms:play-services-base:18.0.0] AndroidManifest.xml:21:19-78
121
122        <meta-data
122-->[com.google.android.gms:play-services-basement:18.0.0] AndroidManifest.xml:21:9-23:69
123            android:name="com.google.android.gms.version"
123-->[com.google.android.gms:play-services-basement:18.0.0] AndroidManifest.xml:22:13-58
124            android:value="@integer/google_play_services_version" />
124-->[com.google.android.gms:play-services-basement:18.0.0] AndroidManifest.xml:23:13-66
125
126        <provider
126-->[androidx.work:work-runtime:2.7.0] AndroidManifest.xml:31:9-39:20
127            android:name="androidx.startup.InitializationProvider"
127-->[androidx.work:work-runtime:2.7.0] AndroidManifest.xml:32:13-67
128            android:authorities="com.example.sence.androidx-startup"
128-->[androidx.work:work-runtime:2.7.0] AndroidManifest.xml:33:13-68
129            android:exported="false" >
129-->[androidx.work:work-runtime:2.7.0] AndroidManifest.xml:34:13-37
130            <meta-data
130-->[androidx.work:work-runtime:2.7.0] AndroidManifest.xml:36:13-38:52
131                android:name="androidx.work.WorkManagerInitializer"
131-->[androidx.work:work-runtime:2.7.0] AndroidManifest.xml:37:17-68
132                android:value="androidx.startup" />
132-->[androidx.work:work-runtime:2.7.0] AndroidManifest.xml:38:17-49
133        </provider>
134
135        <service
135-->[androidx.work:work-runtime:2.7.0] AndroidManifest.xml:41:9-46:35
136            android:name="androidx.work.impl.background.systemalarm.SystemAlarmService"
136-->[androidx.work:work-runtime:2.7.0] AndroidManifest.xml:42:13-88
137            android:directBootAware="false"
137-->[androidx.work:work-runtime:2.7.0] AndroidManifest.xml:43:13-44
138            android:enabled="@bool/enable_system_alarm_service_default"
138-->[androidx.work:work-runtime:2.7.0] AndroidManifest.xml:44:13-72
139            android:exported="false" />
139-->[androidx.work:work-runtime:2.7.0] AndroidManifest.xml:45:13-37
140        <service
140-->[androidx.work:work-runtime:2.7.0] AndroidManifest.xml:47:9-53:35
141            android:name="androidx.work.impl.background.systemjob.SystemJobService"
141-->[androidx.work:work-runtime:2.7.0] AndroidManifest.xml:48:13-84
142            android:directBootAware="false"
142-->[androidx.work:work-runtime:2.7.0] AndroidManifest.xml:49:13-44
143            android:enabled="@bool/enable_system_job_service_default"
143-->[androidx.work:work-runtime:2.7.0] AndroidManifest.xml:50:13-70
144            android:exported="true"
144-->[androidx.work:work-runtime:2.7.0] AndroidManifest.xml:51:13-36
145            android:permission="android.permission.BIND_JOB_SERVICE" />
145-->[androidx.work:work-runtime:2.7.0] AndroidManifest.xml:52:13-69
146        <service
146-->[androidx.work:work-runtime:2.7.0] AndroidManifest.xml:54:9-59:35
147            android:name="androidx.work.impl.foreground.SystemForegroundService"
147-->[androidx.work:work-runtime:2.7.0] AndroidManifest.xml:55:13-81
148            android:directBootAware="false"
148-->[androidx.work:work-runtime:2.7.0] AndroidManifest.xml:56:13-44
149            android:enabled="@bool/enable_system_foreground_service_default"
149-->[androidx.work:work-runtime:2.7.0] AndroidManifest.xml:57:13-77
150            android:exported="false" />
150-->[androidx.work:work-runtime:2.7.0] AndroidManifest.xml:58:13-37
151
152        <receiver
152-->[androidx.work:work-runtime:2.7.0] AndroidManifest.xml:61:9-66:35
153            android:name="androidx.work.impl.utils.ForceStopRunnable$BroadcastReceiver"
153-->[androidx.work:work-runtime:2.7.0] AndroidManifest.xml:62:13-88
154            android:directBootAware="false"
154-->[androidx.work:work-runtime:2.7.0] AndroidManifest.xml:63:13-44
155            android:enabled="true"
155-->[androidx.work:work-runtime:2.7.0] AndroidManifest.xml:64:13-35
156            android:exported="false" />
156-->[androidx.work:work-runtime:2.7.0] AndroidManifest.xml:65:13-37
157        <receiver
157-->[androidx.work:work-runtime:2.7.0] AndroidManifest.xml:67:9-77:20
158            android:name="androidx.work.impl.background.systemalarm.ConstraintProxy$BatteryChargingProxy"
158-->[androidx.work:work-runtime:2.7.0] AndroidManifest.xml:68:13-106
159            android:directBootAware="false"
159-->[androidx.work:work-runtime:2.7.0] AndroidManifest.xml:69:13-44
160            android:enabled="false"
160-->[androidx.work:work-runtime:2.7.0] AndroidManifest.xml:70:13-36
161            android:exported="false" >
161-->[androidx.work:work-runtime:2.7.0] AndroidManifest.xml:71:13-37
162            <intent-filter>
162-->[androidx.work:work-runtime:2.7.0] AndroidManifest.xml:73:13-76:29
163                <action android:name="android.intent.action.ACTION_POWER_CONNECTED" />
163-->[androidx.work:work-runtime:2.7.0] AndroidManifest.xml:74:17-87
163-->[androidx.work:work-runtime:2.7.0] AndroidManifest.xml:74:25-84
164                <action android:name="android.intent.action.ACTION_POWER_DISCONNECTED" />
164-->[androidx.work:work-runtime:2.7.0] AndroidManifest.xml:75:17-90
164-->[androidx.work:work-runtime:2.7.0] AndroidManifest.xml:75:25-87
165            </intent-filter>
166        </receiver>
167        <receiver
167-->[androidx.work:work-runtime:2.7.0] AndroidManifest.xml:78:9-88:20
168            android:name="androidx.work.impl.background.systemalarm.ConstraintProxy$BatteryNotLowProxy"
168-->[androidx.work:work-runtime:2.7.0] AndroidManifest.xml:79:13-104
169            android:directBootAware="false"
169-->[androidx.work:work-runtime:2.7.0] AndroidManifest.xml:80:13-44
170            android:enabled="false"
170-->[androidx.work:work-runtime:2.7.0] AndroidManifest.xml:81:13-36
171            android:exported="false" >
171-->[androidx.work:work-runtime:2.7.0] AndroidManifest.xml:82:13-37
172            <intent-filter>
172-->[androidx.work:work-runtime:2.7.0] AndroidManifest.xml:84:13-87:29
173                <action android:name="android.intent.action.BATTERY_OKAY" />
173-->[androidx.work:work-runtime:2.7.0] AndroidManifest.xml:85:17-77
173-->[androidx.work:work-runtime:2.7.0] AndroidManifest.xml:85:25-74
174                <action android:name="android.intent.action.BATTERY_LOW" />
174-->[androidx.work:work-runtime:2.7.0] AndroidManifest.xml:86:17-76
174-->[androidx.work:work-runtime:2.7.0] AndroidManifest.xml:86:25-73
175            </intent-filter>
176        </receiver>
177        <receiver
177-->[androidx.work:work-runtime:2.7.0] AndroidManifest.xml:89:9-99:20
178            android:name="androidx.work.impl.background.systemalarm.ConstraintProxy$StorageNotLowProxy"
178-->[androidx.work:work-runtime:2.7.0] AndroidManifest.xml:90:13-104
179            android:directBootAware="false"
179-->[androidx.work:work-runtime:2.7.0] AndroidManifest.xml:91:13-44
180            android:enabled="false"
180-->[androidx.work:work-runtime:2.7.0] AndroidManifest.xml:92:13-36
181            android:exported="false" >
181-->[androidx.work:work-runtime:2.7.0] AndroidManifest.xml:93:13-37
182            <intent-filter>
182-->[androidx.work:work-runtime:2.7.0] AndroidManifest.xml:95:13-98:29
183                <action android:name="android.intent.action.DEVICE_STORAGE_LOW" />
183-->[androidx.work:work-runtime:2.7.0] AndroidManifest.xml:96:17-83
183-->[androidx.work:work-runtime:2.7.0] AndroidManifest.xml:96:25-80
184                <action android:name="android.intent.action.DEVICE_STORAGE_OK" />
184-->[androidx.work:work-runtime:2.7.0] AndroidManifest.xml:97:17-82
184-->[androidx.work:work-runtime:2.7.0] AndroidManifest.xml:97:25-79
185            </intent-filter>
186        </receiver>
187        <receiver
187-->[androidx.work:work-runtime:2.7.0] AndroidManifest.xml:100:9-109:20
188            android:name="androidx.work.impl.background.systemalarm.ConstraintProxy$NetworkStateProxy"
188-->[androidx.work:work-runtime:2.7.0] AndroidManifest.xml:101:13-103
189            android:directBootAware="false"
189-->[androidx.work:work-runtime:2.7.0] AndroidManifest.xml:102:13-44
190            android:enabled="false"
190-->[androidx.work:work-runtime:2.7.0] AndroidManifest.xml:103:13-36
191            android:exported="false" >
191-->[androidx.work:work-runtime:2.7.0] AndroidManifest.xml:104:13-37
192            <intent-filter>
192-->[androidx.work:work-runtime:2.7.0] AndroidManifest.xml:106:13-108:29
193                <action android:name="android.net.conn.CONNECTIVITY_CHANGE" />
193-->[androidx.work:work-runtime:2.7.0] AndroidManifest.xml:107:17-79
193-->[androidx.work:work-runtime:2.7.0] AndroidManifest.xml:107:25-76
194            </intent-filter>
195        </receiver>
196        <receiver
196-->[androidx.work:work-runtime:2.7.0] AndroidManifest.xml:110:9-121:20
197            android:name="androidx.work.impl.background.systemalarm.RescheduleReceiver"
197-->[androidx.work:work-runtime:2.7.0] AndroidManifest.xml:111:13-88
198            android:directBootAware="false"
198-->[androidx.work:work-runtime:2.7.0] AndroidManifest.xml:112:13-44
199            android:enabled="false"
199-->[androidx.work:work-runtime:2.7.0] AndroidManifest.xml:113:13-36
200            android:exported="false" >
200-->[androidx.work:work-runtime:2.7.0] AndroidManifest.xml:114:13-37
201            <intent-filter>
201-->[androidx.work:work-runtime:2.7.0] AndroidManifest.xml:116:13-120:29
202                <action android:name="android.intent.action.BOOT_COMPLETED" />
202-->[androidx.work:work-runtime:2.7.0] AndroidManifest.xml:117:17-79
202-->[androidx.work:work-runtime:2.7.0] AndroidManifest.xml:117:25-76
203                <action android:name="android.intent.action.TIME_SET" />
203-->[androidx.work:work-runtime:2.7.0] AndroidManifest.xml:118:17-73
203-->[androidx.work:work-runtime:2.7.0] AndroidManifest.xml:118:25-70
204                <action android:name="android.intent.action.TIMEZONE_CHANGED" />
204-->[androidx.work:work-runtime:2.7.0] AndroidManifest.xml:119:17-81
204-->[androidx.work:work-runtime:2.7.0] AndroidManifest.xml:119:25-78
205            </intent-filter>
206        </receiver>
207        <receiver
207-->[androidx.work:work-runtime:2.7.0] AndroidManifest.xml:122:9-131:20
208            android:name="androidx.work.impl.background.systemalarm.ConstraintProxyUpdateReceiver"
208-->[androidx.work:work-runtime:2.7.0] AndroidManifest.xml:123:13-99
209            android:directBootAware="false"
209-->[androidx.work:work-runtime:2.7.0] AndroidManifest.xml:124:13-44
210            android:enabled="@bool/enable_system_alarm_service_default"
210-->[androidx.work:work-runtime:2.7.0] AndroidManifest.xml:125:13-72
211            android:exported="false" >
211-->[androidx.work:work-runtime:2.7.0] AndroidManifest.xml:126:13-37
212            <intent-filter>
212-->[androidx.work:work-runtime:2.7.0] AndroidManifest.xml:128:13-130:29
213                <action android:name="androidx.work.impl.background.systemalarm.UpdateProxies" />
213-->[androidx.work:work-runtime:2.7.0] AndroidManifest.xml:129:17-98
213-->[androidx.work:work-runtime:2.7.0] AndroidManifest.xml:129:25-95
214            </intent-filter>
215        </receiver>
216        <receiver
216-->[androidx.work:work-runtime:2.7.0] AndroidManifest.xml:132:9-142:20
217            android:name="androidx.work.impl.diagnostics.DiagnosticsReceiver"
217-->[androidx.work:work-runtime:2.7.0] AndroidManifest.xml:133:13-78
218            android:directBootAware="false"
218-->[androidx.work:work-runtime:2.7.0] AndroidManifest.xml:134:13-44
219            android:enabled="true"
219-->[androidx.work:work-runtime:2.7.0] AndroidManifest.xml:135:13-35
220            android:exported="true"
220-->[androidx.work:work-runtime:2.7.0] AndroidManifest.xml:136:13-36
221            android:permission="android.permission.DUMP" >
221-->[androidx.work:work-runtime:2.7.0] AndroidManifest.xml:137:13-57
222            <intent-filter>
222-->[androidx.work:work-runtime:2.7.0] AndroidManifest.xml:139:13-141:29
223                <action android:name="androidx.work.diagnostics.REQUEST_DIAGNOSTICS" />
223-->[androidx.work:work-runtime:2.7.0] AndroidManifest.xml:140:17-88
223-->[androidx.work:work-runtime:2.7.0] AndroidManifest.xml:140:25-85
224            </intent-filter>
225        </receiver>
226
227        <service
227-->[androidx.room:room-runtime:2.2.5] AndroidManifest.xml:25:9-28:40
228            android:name="androidx.room.MultiInstanceInvalidationService"
228-->[androidx.room:room-runtime:2.2.5] AndroidManifest.xml:26:13-74
229            android:directBootAware="true"
229-->[androidx.room:room-runtime:2.2.5] AndroidManifest.xml:27:13-43
230            android:exported="false" />
230-->[androidx.room:room-runtime:2.2.5] AndroidManifest.xml:28:13-37
231    </application>
232
233</manifest>